# JRE version: OpenJDK Runtime Environment (11.0.10) (build 11.0.10+0-b96-7249189)
# Java VM: OpenJDK 64-Bit Server VM (11.0.10+0-b96-7249189, mixed mode, tiered, compressed oops, g1 gc, windows-amd64)
Heap:
 garbage-first heap   total 350208K, used 289709K [0x00000000a0000000, 0x0000000100000000)
  region size 1024K, 24 young (24576K), 5 survivors (5120K)
 Metaspace       used 98364K, capacity 102762K, committed 102896K, reserved 1138688K
  class space    used 12812K, capacity 14270K, committed 14284K, reserved 1048576K
GC Heap History (20 events):
Event: 84.454 GC heap before
{Heap before GC invocations=20 (full 0):
 garbage-first heap   total 260096K, used 209661K [0x00000000a0000000, 0x0000000100000000)
  region size 1024K, 63 young (64512K), 7 survivors (7168K)
 Metaspace       used 90900K, capacity 95246K, committed 95344K, reserved 1132544K
  class space    used 11923K, capacity 13366K, committed 13388K, reserved 1048576K
}
Event: 84.480 GC heap after
{Heap after GC invocations=21 (full 0):
 garbage-first heap   total 260096K, used 157851K [0x00000000a0000000, 0x0000000100000000)
  region size 1024K, 5 young (5120K), 5 survivors (5120K)
 Metaspace       used 90900K, capacity 95246K, committed 95344K, reserved 1132544K
  class space    used 11923K, capacity 13366K, committed 13388K, reserved 1048576K
}
Event: 86.601 GC heap before
{Heap before GC invocations=22 (full 0):
 garbage-first heap   total 260096K, used 213147K [0x00000000a0000000, 0x0000000100000000)
  region size 1024K, 60 young (61440K), 5 survivors (5120K)
 Metaspace       used 91448K, capacity 95957K, committed 96240K, reserved 1132544K
  class space    used 11959K, capacity 13419K, committed 13516K, reserved 1048576K
}
Event: 86.615 GC heap after
{Heap after GC invocations=23 (full 0):
 garbage-first heap   total 260096K, used 163683K [0x00000000a0000000, 0x0000000100000000)
  region size 1024K, 6 young (6144K), 6 survivors (6144K)
 Metaspace       used 91448K, capacity 95957K, committed 96240K, reserved 1132544K
  class space    used 11959K, capacity 13419K, committed 13516K, reserved 1048576K
}
Event: 87.547 GC heap before
{Heap before GC invocations=23 (full 0):
 garbage-first heap   total 260096K, used 214883K [0x00000000a0000000, 0x0000000100000000)
  region size 1024K, 57 young (58368K), 6 survivors (6144K)
 Metaspace       used 91599K, capacity 96092K, committed 96240K, reserved 1132544K
  class space    used 11967K, capacity 13431K, committed 13516K, reserved 1048576K
}
Event: 87.560 GC heap after
{Heap after GC invocations=24 (full 0):
 garbage-first heap   total 260096K, used 168946K [0x00000000a0000000, 0x0000000100000000)
  region size 1024K, 6 young (6144K), 6 survivors (6144K)
 Metaspace       used 91599K, capacity 96092K, committed 96240K, reserved 1132544K
  class space    used 11967K, capacity 13431K, committed 13516K, reserved 1048576K
}
Event: 88.908 GC heap before
{Heap before GC invocations=25 (full 0):
 garbage-first heap   total 260096K, used 217074K [0x00000000a0000000, 0x0000000100000000)
  region size 1024K, 53 young (54272K), 6 survivors (6144K)
 Metaspace       used 94572K, capacity 98899K, committed 99184K, reserved 1134592K
  class space    used 12360K, capacity 13789K, committed 13900K, reserved 1048576K
}
Event: 88.917 GC heap after
{Heap after GC invocations=26 (full 0):
 garbage-first heap   total 260096K, used 170350K [0x00000000a0000000, 0x0000000100000000)
  region size 1024K, 2 young (2048K), 2 survivors (2048K)
 Metaspace       used 94572K, capacity 98899K, committed 99184K, reserved 1134592K
  class space    used 12360K, capacity 13789K, committed 13900K, reserved 1048576K
}
Event: 89.123 GC heap before
{Heap before GC invocations=26 (full 0):
 garbage-first heap   total 260096K, used 180590K [0x00000000a0000000, 0x0000000100000000)
  region size 1024K, 12 young (12288K), 2 survivors (2048K)
 Metaspace       used 95292K, capacity 99635K, committed 100080K, reserved 1136640K
  class space    used 12443K, capacity 13885K, committed 14028K, reserved 1048576K
}
Event: 89.129 GC heap after
{Heap after GC invocations=27 (full 0):
 garbage-first heap   total 260096K, used 169278K [0x00000000a0000000, 0x0000000100000000)
  region size 1024K, 1 young (1024K), 1 survivors (1024K)
 Metaspace       used 95292K, capacity 99635K, committed 100080K, reserved 1136640K
  class space    used 12443K, capacity 13885K, committed 14028K, reserved 1048576K
}
Event: 90.223 GC heap before
{Heap before GC invocations=27 (full 0):
 garbage-first heap   total 260096K, used 218430K [0x00000000a0000000, 0x0000000100000000)
  region size 1024K, 50 young (51200K), 1 survivors (1024K)
 Metaspace       used 97312K, capacity 101807K, committed 102128K, reserved 1136640K
  class space    used 12679K, capacity 14155K, committed 14284K, reserved 1048576K
}
Event: 90.231 GC heap after
{Heap after GC invocations=28 (full 0):
 garbage-first heap   total 260096K, used 173416K [0x00000000a0000000, 0x0000000100000000)
  region size 1024K, 5 young (5120K), 5 survivors (5120K)
 Metaspace       used 97312K, capacity 101807K, committed 102128K, reserved 1136640K
  class space    used 12679K, capacity 14155K, committed 14284K, reserved 1048576K
}
Event: 91.652 GC heap before
{Heap before GC invocations=29 (full 0):
 garbage-first heap   total 350208K, used 321896K [0x00000000a0000000, 0x0000000100000000)
  region size 1024K, 50 young (51200K), 5 survivors (5120K)
 Metaspace       used 97794K, capacity 102307K, committed 102384K, reserved 1138688K
  class space    used 12748K, capacity 14232K, committed 14284K, reserved 1048576K
}
Event: 91.665 GC heap after
{Heap after GC invocations=30 (full 0):
 garbage-first heap   total 350208K, used 266792K [0x00000000a0000000, 0x0000000100000000)
  region size 1024K, 4 young (4096K), 4 survivors (4096K)
 Metaspace       used 97794K, capacity 102307K, committed 102384K, reserved 1138688K
  class space    used 12748K, capacity 14232K, committed 14284K, reserved 1048576K
}
Event: 91.873 GC heap before
{Heap before GC invocations=30 (full 0):
 garbage-first heap   total 350208K, used 279080K [0x00000000a0000000, 0x0000000100000000)
  region size 1024K, 18 young (18432K), 4 survivors (4096K)
 Metaspace       used 97798K, capacity 102309K, committed 102384K, reserved 1138688K
  class space    used 12748K, capacity 14232K, committed 14284K, reserved 1048576K
}
Event: 91.881 GC heap after
{Heap after GC invocations=31 (full 0):
 garbage-first heap   total 350208K, used 267843K [0x00000000a0000000, 0x0000000100000000)
  region size 1024K, 1 young (1024K), 1 survivors (1024K)
 Metaspace       used 97798K, capacity 102309K, committed 102384K, reserved 1138688K
  class space    used 12748K, capacity 14232K, committed 14284K, reserved 1048576K
}
Event: 92.609 GC heap before
{Heap before GC invocations=31 (full 0):
 garbage-first heap   total 350208K, used 303683K [0x00000000a0000000, 0x0000000100000000)
  region size 1024K, 38 young (38912K), 1 survivors (1024K)
 Metaspace       used 97865K, capacity 102379K, committed 102640K, reserved 1138688K
  class space    used 12751K, capacity 14233K, committed 14284K, reserved 1048576K
}
Event: 92.619 GC heap after
{Heap after GC invocations=32 (full 0):
 garbage-first heap   total 350208K, used 269308K [0x00000000a0000000, 0x0000000100000000)
  region size 1024K, 3 young (3072K), 3 survivors (3072K)
 Metaspace       used 97865K, capacity 102379K, committed 102640K, reserved 1138688K
  class space    used 12751K, capacity 14233K, committed 14284K, reserved 1048576K
}
Event: 94.789 GC heap before
{Heap before GC invocations=33 (full 0):
 garbage-first heap   total 350208K, used 304124K [0x00000000a0000000, 0x0000000100000000)
  region size 1024K, 38 young (38912K), 3 survivors (3072K)
 Metaspace       used 98014K, capacity 102444K, committed 102640K, reserved 1138688K
  class space    used 12758K, capacity 14229K, committed 14284K, reserved 1048576K
}
Event: 94.795 GC heap after
{Heap after GC invocations=34 (full 0):
 garbage-first heap   total 350208K, used 271277K [0x00000000a0000000, 0x0000000100000000)
  region size 1024K, 5 young (5120K), 5 survivors (5120K)
 Metaspace       used 98014K, capacity 102444K, committed 102640K, reserved 1138688K
  class space    used 12758K, capacity 14229K, committed 14284K, reserved 1048576K
}

